This is e-upTeX, Version 3.141592653-p4.1.0-u1.29-230214-2.6 (utf8.euc) (TeX Live 2023/Debian) (preloaded format=platex 2025.12.15)  24 DEC 2025 12:00
entering extended mode
 restricted \write18 enabled.
 %&-line parsing enabled.
**main.tex
(./main.tex
pLaTeX2e <2023-02-14>+1, based on
LaTeX2e <2023-11-01> patch level 1
L3 programming layer <2024-01-22>
(/usr/share/texlive/texmf-dist/tex/platex/jsclasses/jsarticle.cls
Document Class: jsarticle 2023/02/23 jsclasses (okumura, texjporg)

! Class jsarticle Error: Option 'uplatex' is specified but you are running pLaTeX..

See the jsarticle class documentation for explanation.
Type  H <return>  for immediate help.
 ...                                              
                                                  
l.243       {\@ehc}
                    
Here is how much of TeX's memory you used:
 150 strings out of 474880
 2180 string characters out of 5763302
 1915820 words of memory out of 5000000
 22501 multiletter control sequences out of 15000+600000
 561940 words of font info for 53 fonts, out of 8000000 for 9000
 929 hyphenation exceptions out of 8191
 28i,0n,37p,145b,18s stack positions out of 10000i,1000n,20000p,200000b,200000s

No pages of output.
